AUTO UPDATE   Tue Apr 28 18:52:59 2020
IndexGet shortlist 1580000000 1590000000   Tue Apr 28 18:54:31 2020
IndexGet shortlist 1580000000 1590000000 *.pdf   Tue Apr 28 18:55:30 2020
IndexGet shortlist 1580000000 1590000000 *.txt   Tue Apr 28 18:55:41 2020
IndexGet longlist   Tue Apr 28 18:56:04 2020
IndexGet longlist Programmer   Tue Apr 28 18:56:15 2020
FileHash verify a.txt   Tue Apr 28 18:57:00 2020
FileHash checkall   Tue Apr 28 18:57:10 2020
FileDownload TCP 2.txt   Tue Apr 28 18:57:29 2020
FileDownload TCP 3.txt   Tue Apr 28 18:57:52 2020
Cache verify a.txt   Tue Apr 28 18:58:01 2020
Cache show   Tue Apr 28 18:58:07 2020
AUTO UPDATE   Tue Apr 28 19:03:00 2020
AUTO UPDATE   Tue Apr 28 19:13:00 2020
   Tue Apr 28 19:21:57 2020
AUTO UPDATE   Thu Apr 30 16:49:08 2020
IndexGet shortlist 1580000000 1590000000   Thu Apr 30 16:50:18 2020
IndexGet shortlist 1580000000 1590000000 *.txt   Thu Apr 30 16:54:06 2020
IndexGet shortlist 1580000000 1590000000 *.pdf   Thu Apr 30 16:54:17 2020
clear all   Thu Apr 30 16:57:36 2020
   Thu Apr 30 16:57:46 2020
AUTO UPDATE   Thu Apr 30 16:58:07 2020
IndexGet longlist   Thu Apr 30 16:58:16 2020
IndexGet longlist Programmer   Thu Apr 30 16:58:21 2020
IndexGet longlist xa   Thu Apr 30 16:58:34 2020
FileHash verify a.txt   Thu Apr 30 17:02:38 2020
FileHash verify 1.txt   Thu Apr 30 17:02:57 2020
FileHash verify a.pdf   Thu Apr 30 17:03:46 2020
Filehash checkall   Thu Apr 30 17:06:39 2020
FileHash checkall   Thu Apr 30 17:06:58 2020
FileDownload TCP 2.txt   Thu Apr 30 17:07:55 2020
AUTO UPDATE   Thu Apr 30 17:08:08 2020
FileDownload TCP 1.txt   Thu Apr 30 17:08:16 2020
FileDownload TCP a.txt   Thu Apr 30 17:08:31 2020
FileDownload UDP 3.txt   Thu Apr 30 17:08:50 2020
Cache verify a.txt   Thu Apr 30 17:09:03 2020
Cache verify 2.txt   Thu Apr 30 17:09:11 2020
Cache show   Thu Apr 30 17:09:24 2020
AUTO UPDATE   Thu Apr 30 17:18:09 2020
AUTO UPDATE   Thu Apr 30 17:28:10 2020
   Thu Apr 30 17:34:00 2020
